<?xml version="1.0" encoding="UTF-8"?>
<testsuite xmlns:xsi="http://www.w3.org/2001/XMLSchema-instance" xsi:noNamespaceSchemaLocation="https://maven.apache.org/surefire/maven-surefire-plugin/xsd/surefire-test-report-3.0.xsd" version="3.0" name="edu.ntnu.idi.idatt.types.CookbookTest" time="0.007" tests="9" errors="0" skipped="0" failures="0">
  <properties>
    <property name="java.specification.version" value="23"/>
    <property name="sun.jnu.encoding" value="UTF-8"/>
    <property name="java.class.path" value="/Volumes/Samsung USB/NTNU/IDATT1003/Mappe/idatt1003-mappe-2024-Segward/target/test-classes:/Volumes/Samsung USB/NTNU/IDATT1003/Mappe/idatt1003-mappe-2024-Segward/target/classes:/Users/gustavskyberg/.m2/repository/org/junit/jupiter/junit-jupiter-engine/5.8.1/junit-jupiter-engine-5.8.1.jar:/Users/gustavskyberg/.m2/repository/org/junit/platform/junit-platform-engine/1.8.1/junit-platform-engine-1.8.1.jar:/Users/gustavskyberg/.m2/repository/org/opentest4j/opentest4j/1.2.0/opentest4j-1.2.0.jar:/Users/gustavskyberg/.m2/repository/org/junit/platform/junit-platform-commons/1.8.1/junit-platform-commons-1.8.1.jar:/Users/gustavskyberg/.m2/repository/org/junit/jupiter/junit-jupiter-api/5.8.1/junit-jupiter-api-5.8.1.jar:/Users/gustavskyberg/.m2/repository/org/apiguardian/apiguardian-api/1.1.2/apiguardian-api-1.1.2.jar:"/>
    <property name="java.vm.vendor" value="Homebrew"/>
    <property name="sun.arch.data.model" value="64"/>
    <property name="java.vendor.url" value="https://github.com/Homebrew/homebrew-core/issues"/>
    <property name="user.timezone" value="Europe/Oslo"/>
    <property name="os.name" value="Mac OS X"/>
    <property name="java.vm.specification.version" value="23"/>
    <property name="sun.java.launcher" value="SUN_STANDARD"/>
    <property name="user.country" value="NO"/>
    <property name="sun.boot.library.path" value="/opt/homebrew/Cellar/openjdk/23/libexec/openjdk.jdk/Contents/Home/lib"/>
    <property name="sun.java.command" value="/Volumes/Samsung USB/NTNU/IDATT1003/Mappe/idatt1003-mappe-2024-Segward/target/surefire/surefirebooter-20241211131136366_3.jar /Volumes/Samsung USB/NTNU/IDATT1003/Mappe/idatt1003-mappe-2024-Segward/target/surefire 2024-12-11T13-11-36_322-jvmRun1 surefire-20241211131136366_1tmp surefire_0-20241211131136366_2tmp"/>
    <property name="http.nonProxyHosts" value="local|*.local|169.254/16|*.169.254/16"/>
    <property name="jdk.debug" value="release"/>
    <property name="surefire.test.class.path" value="/Volumes/Samsung USB/NTNU/IDATT1003/Mappe/idatt1003-mappe-2024-Segward/target/test-classes:/Volumes/Samsung USB/NTNU/IDATT1003/Mappe/idatt1003-mappe-2024-Segward/target/classes:/Users/gustavskyberg/.m2/repository/org/junit/jupiter/junit-jupiter-engine/5.8.1/junit-jupiter-engine-5.8.1.jar:/Users/gustavskyberg/.m2/repository/org/junit/platform/junit-platform-engine/1.8.1/junit-platform-engine-1.8.1.jar:/Users/gustavskyberg/.m2/repository/org/opentest4j/opentest4j/1.2.0/opentest4j-1.2.0.jar:/Users/gustavskyberg/.m2/repository/org/junit/platform/junit-platform-commons/1.8.1/junit-platform-commons-1.8.1.jar:/Users/gustavskyberg/.m2/repository/org/junit/jupiter/junit-jupiter-api/5.8.1/junit-jupiter-api-5.8.1.jar:/Users/gustavskyberg/.m2/repository/org/apiguardian/apiguardian-api/1.1.2/apiguardian-api-1.1.2.jar:"/>
    <property name="sun.cpu.endian" value="little"/>
    <property name="user.home" value="/Users/gustavskyberg"/>
    <property name="user.language" value="nb"/>
    <property name="java.specification.vendor" value="Oracle Corporation"/>
    <property name="java.version.date" value="2024-09-17"/>
    <property name="java.home" value="/opt/homebrew/Cellar/openjdk/23/libexec/openjdk.jdk/Contents/Home"/>
    <property name="file.separator" value="/"/>
    <property name="basedir" value="/Volumes/Samsung USB/NTNU/IDATT1003/Mappe/idatt1003-mappe-2024-Segward"/>
    <property name="java.vm.compressedOopsMode" value="Zero based"/>
    <property name="line.separator" value="&#10;"/>
    <property name="java.vm.specification.vendor" value="Oracle Corporation"/>
    <property name="java.specification.name" value="Java Platform API Specification"/>
    <property name="apple.awt.application.name" value="ForkedBooter"/>
    <property name="surefire.real.class.path" value="/Volumes/Samsung USB/NTNU/IDATT1003/Mappe/idatt1003-mappe-2024-Segward/target/surefire/surefirebooter-20241211131136366_3.jar"/>
    <property name="sun.management.compiler" value="HotSpot 64-Bit Tiered Compilers"/>
    <property name="ftp.nonProxyHosts" value="local|*.local|169.254/16|*.169.254/16"/>
    <property name="java.runtime.version" value="23"/>
    <property name="user.name" value="gustavskyberg"/>
    <property name="stdout.encoding" value="UTF-8"/>
    <property name="path.separator" value=":"/>
    <property name="os.version" value="14.1"/>
    <property name="java.runtime.name" value="OpenJDK Runtime Environment"/>
    <property name="file.encoding" value="UTF-8"/>
    <property name="java.vm.name" value="OpenJDK 64-Bit Server VM"/>
    <property name="java.vendor.version" value="Homebrew"/>
    <property name="localRepository" value="/Users/gustavskyberg/.m2/repository"/>
    <property name="java.vendor.url.bug" value="https://github.com/Homebrew/homebrew-core/issues"/>
    <property name="java.io.tmpdir" value="/var/folders/pf/57xgmqjd431fgkj7xp6nqm7m0000gn/T/"/>
    <property name="java.version" value="23"/>
    <property name="user.dir" value="/Volumes/Samsung USB/NTNU/IDATT1003/Mappe/idatt1003-mappe-2024-Segward"/>
    <property name="os.arch" value="aarch64"/>
    <property name="java.vm.specification.name" value="Java Virtual Machine Specification"/>
    <property name="native.encoding" value="UTF-8"/>
    <property name="java.library.path" value="/Users/gustavskyberg/Library/Java/Extensions:/Library/Java/Extensions:/Network/Library/Java/Extensions:/System/Library/Java/Extensions:/usr/lib/java:."/>
    <property name="java.vm.info" value="mixed mode, sharing"/>
    <property name="stderr.encoding" value="UTF-8"/>
    <property name="java.vendor" value="Homebrew"/>
    <property name="java.vm.version" value="23"/>
    <property name="sun.io.unicode.encoding" value="UnicodeBig"/>
    <property name="socksNonProxyHosts" value="local|*.local|169.254/16|*.169.254/16"/>
    <property name="java.class.version" value="67.0"/>
  </properties>
  <testcase name="negativeTestCookbookConstructor" classname="edu.ntnu.idi.idatt.types.CookbookTest" time="0.0"/>
  <testcase name="testCookbookConstructor" classname="edu.ntnu.idi.idatt.types.CookbookTest" time="0.001"/>
  <testcase name="testAddDuplicateRecipe" classname="edu.ntnu.idi.idatt.types.CookbookTest" time="0.001"/>
  <testcase name="testFindRecipe" classname="edu.ntnu.idi.idatt.types.CookbookTest" time="0.0"/>
  <testcase name="negativeTestAddRecipe" classname="edu.ntnu.idi.idatt.types.CookbookTest" time="0.0"/>
  <testcase name="negativeTestFindRecipe" classname="edu.ntnu.idi.idatt.types.CookbookTest" time="0.0"/>
  <testcase name="negativeTestGetFormattedString" classname="edu.ntnu.idi.idatt.types.CookbookTest" time="0.001"/>
  <testcase name="testAddRecipe" classname="edu.ntnu.idi.idatt.types.CookbookTest" time="0.0"/>
  <testcase name="testGetFormattedString" classname="edu.ntnu.idi.idatt.types.CookbookTest" time="0.001"/>
</testsuite>